<?xml version="1.0" encoding="UTF-8"?>
<testng-results ignored="0" total="1" passed="1" failed="0" skipped="0">
  <reporter-output>
  </reporter-output>
  <suite started-at="2023-03-03T14:01:16 PST" name="Default suite" finished-at="2023-03-03T14:01:16 PST" duration-ms="35">
    <groups>
    </groups>
    <test started-at="2023-03-03T14:01:16 PST" name="Default test" finished-at="2023-03-03T14:01:16 PST" duration-ms="35">
      <class name="stepdefinitions.Login">
        <test-method signature="testingLog()[pri:2, instance:stepdefinitions.Login@68577ba8]" started-at="2023-03-03T14:01:16 PST" name="testingLog" finished-at="2023-03-03T14:01:16 PST" duration-ms="15" status="PASS">
          <reporter-output>
          </reporter-output>
        </test-method> <!-- testingLog -->
      </class> <!-- stepdefinitions.Login -->
    </test> <!-- Default test -->
  </suite> <!-- Default suite -->
</testng-results>
